<?xml version="1.0" encoding="UTF-8"?>
<!-- Generated by org.testng.reporters.JUnitReportReporter -->
<testsuite hostname="DESKTOP-QEQIIS7" failures="0" tests="3" name="com.satish.RestAssured.DynamicJson" time="5.454" errors="0" timestamp="2025-07-15T21:59:54 IST" skipped="0">
  <testcase classname="com.satish.RestAssured.DynamicJson" name="DeleteBook" time="4.906"/>
  <testcase classname="com.satish.RestAssured.DynamicJson" name="DeleteBook" time="0.301"/>
  <testcase classname="com.satish.RestAssured.DynamicJson" name="DeleteBook" time="0.247"/>
</testsuite> <!-- com.satish.RestAssured.DynamicJson -->
