<?xml version="1.0" encoding="UTF-8"?>
<!-- Generated by org.testng.reporters.JUnitReportReporter -->
<testsuite hostname="DESKTOP-QEQIIS7" failures="0" tests="1" name="com.satish.RestAssured.Mocking" time="3.263" errors="0" timestamp="2025-07-15T20:02:12 IST" skipped="0">
  <testcase classname="com.satish.RestAssured.Mocking" name="complexJson" time="3.263"/>
</testsuite> <!-- com.satish.RestAssured.Mocking -->
